Determining if the Q_WS_WIN exist failed with the following output:
Change Dir: /home/michaelroberts/Build/MriSegment/src/Implementation/qtcreator-build/CMakeFiles/CMakeTmp

Run Build Command:/usr/bin/make "cmTryCompileExec3312831453/fast"
/usr/bin/make -f CMakeFiles/cmTryCompileExec3312831453.dir/build.make CMakeFiles/cmTryCompileExec3312831453.dir/build
make[1]: Entering directory `/home/michaelroberts/Build/MriSegment/src/Implementation/qtcreator-build/CMakeFiles/CMakeTmp'
/usr/local/bin/cmake -E cmake_progress_report /home/michaelroberts/Build/MriSegment/src/Implementation/qtcreator-build/CMakeFiles/CMakeTmp/CMakeFiles 1
Building CXX object CMakeFiles/cmTryCompileExec3312831453.dir/CheckSymbolExists.cxx.o
/usr/bin/c++    -Wno-deprecated  -I/usr/include/qt4    -o CMakeFiles/cmTryCompileExec3312831453.dir/CheckSymbolExists.cxx.o -c /home/michaelroberts/Build/MriSegment/src/Implementation/qtcreator-build/CMakeFiles/CMakeTmp/CheckSymbolExists.cxx
/home/michaelroberts/Build/MriSegment/src/Implementation/qtcreator-build/CMakeFiles/CMakeTmp/CheckSymbolExists.cxx: In function ‘int main(int, char**)’:
/home/michaelroberts/Build/MriSegment/src/Implementation/qtcreator-build/CMakeFiles/CMakeTmp/CheckSymbolExists.cxx:8:19: error: ‘Q_WS_WIN’ was not declared in this scope
make[1]: Leaving directory `/home/michaelroberts/Build/MriSegment/src/Implementation/qtcreator-build/CMakeFiles/CMakeTmp'
make[1]: *** [CMakeFiles/cmTryCompileExec3312831453.dir/CheckSymbolExists.cxx.o] Error 1
make: *** [cmTryCompileExec3312831453/fast] Error 2

File /home/michaelroberts/Build/MriSegment/src/Implementation/qtcreator-build/CMakeFiles/CMakeTmp/CheckSymbolExists.cxx:
/* */
#include <QtCore/qglobal.h>

int main(int argc, char** argv)
{
  (void)argv;
#ifndef Q_WS_WIN
  return ((int*)(&Q_WS_WIN))[argc];
#else
  (void)argc;
  return 0;
#endif
}

Determining if the Q_WS_QWS exist failed with the following output:
Change Dir: /home/michaelroberts/Build/MriSegment/src/Implementation/qtcreator-build/CMakeFiles/CMakeTmp

Run Build Command:/usr/bin/make "cmTryCompileExec1558500239/fast"
/usr/bin/make -f CMakeFiles/cmTryCompileExec1558500239.dir/build.make CMakeFiles/cmTryCompileExec1558500239.dir/build
make[1]: Entering directory `/home/michaelroberts/Build/MriSegment/src/Implementation/qtcreator-build/CMakeFiles/CMakeTmp'
/usr/local/bin/cmake -E cmake_progress_report /home/michaelroberts/Build/MriSegment/src/Implementation/qtcreator-build/CMakeFiles/CMakeTmp/CMakeFiles 1
Building CXX object CMakeFiles/cmTryCompileExec1558500239.dir/CheckSymbolExists.cxx.o
/usr/bin/c++    -Wno-deprecated  -I/usr/include/qt4    -o CMakeFiles/cmTryCompileExec1558500239.dir/CheckSymbolExists.cxx.o -c /home/michaelroberts/Build/MriSegment/src/Implementation/qtcreator-build/CMakeFiles/CMakeTmp/CheckSymbolExists.cxx
/home/michaelroberts/Build/MriSegment/src/Implementation/qtcreator-build/CMakeFiles/CMakeTmp/CheckSymbolExists.cxx: In function ‘int main(int, char**)’:
/home/michaelroberts/Build/MriSegment/src/Implementation/qtcreator-build/CMakeFiles/CMakeTmp/CheckSymbolExists.cxx:8:19: error: ‘Q_WS_QWS’ was not declared in this scope
make[1]: Leaving directory `/home/michaelroberts/Build/MriSegment/src/Implementation/qtcreator-build/CMakeFiles/CMakeTmp'
make[1]: *** [CMakeFiles/cmTryCompileExec1558500239.dir/CheckSymbolExists.cxx.o] Error 1
make: *** [cmTryCompileExec1558500239/fast] Error 2

File /home/michaelroberts/Build/MriSegment/src/Implementation/qtcreator-build/CMakeFiles/CMakeTmp/CheckSymbolExists.cxx:
/* */
#include <QtCore/qglobal.h>

int main(int argc, char** argv)
{
  (void)argv;
#ifndef Q_WS_QWS
  return ((int*)(&Q_WS_QWS))[argc];
#else
  (void)argc;
  return 0;
#endif
}

Determining if the Q_WS_MAC exist failed with the following output:
Change Dir: /home/michaelroberts/Build/MriSegment/src/Implementation/qtcreator-build/CMakeFiles/CMakeTmp

Run Build Command:/usr/bin/make "cmTryCompileExec3855708386/fast"
/usr/bin/make -f CMakeFiles/cmTryCompileExec3855708386.dir/build.make CMakeFiles/cmTryCompileExec3855708386.dir/build
make[1]: Entering directory `/home/michaelroberts/Build/MriSegment/src/Implementation/qtcreator-build/CMakeFiles/CMakeTmp'
/usr/local/bin/cmake -E cmake_progress_report /home/michaelroberts/Build/MriSegment/src/Implementation/qtcreator-build/CMakeFiles/CMakeTmp/CMakeFiles 1
Building CXX object CMakeFiles/cmTryCompileExec3855708386.dir/CheckSymbolExists.cxx.o
/usr/bin/c++    -Wno-deprecated  -I/usr/include/qt4    -o CMakeFiles/cmTryCompileExec3855708386.dir/CheckSymbolExists.cxx.o -c /home/michaelroberts/Build/MriSegment/src/Implementation/qtcreator-build/CMakeFiles/CMakeTmp/CheckSymbolExists.cxx
/home/michaelroberts/Build/MriSegment/src/Implementation/qtcreator-build/CMakeFiles/CMakeTmp/CheckSymbolExists.cxx: In function ‘int main(int, char**)’:
/home/michaelroberts/Build/MriSegment/src/Implementation/qtcreator-build/CMakeFiles/CMakeTmp/CheckSymbolExists.cxx:8:19: error: ‘Q_WS_MAC’ was not declared in this scope
make[1]: Leaving directory `/home/michaelroberts/Build/MriSegment/src/Implementation/qtcreator-build/CMakeFiles/CMakeTmp'
make[1]: *** [CMakeFiles/cmTryCompileExec3855708386.dir/CheckSymbolExists.cxx.o] Error 1
make: *** [cmTryCompileExec3855708386/fast] Error 2

File /home/michaelroberts/Build/MriSegment/src/Implementation/qtcreator-build/CMakeFiles/CMakeTmp/CheckSymbolExists.cxx:
/* */
#include <QtCore/qglobal.h>

int main(int argc, char** argv)
{
  (void)argv;
#ifndef Q_WS_MAC
  return ((int*)(&Q_WS_MAC))[argc];
#else
  (void)argc;
  return 0;
#endif
}

