Determining if the Q_WS_WIN exist failed with the following output:
Change Dir: /home/mri/Build/MriSegment/Build/Test/Implementation/MRICV/Test2/CMakeFiles/CMakeTmp

Run Build Command:/usr/bin/make "cmTryCompileExec316515653/fast"
/usr/bin/make -f CMakeFiles/cmTryCompileExec316515653.dir/build.make CMakeFiles/cmTryCompileExec316515653.dir/build
make[1]: Entering directory `/home/mri/Build/MriSegment/Build/Test/Implementation/MRICV/Test2/CMakeFiles/CMakeTmp'
/usr/local/bin/cmake -E cmake_progress_report /home/mri/Build/MriSegment/Build/Test/Implementation/MRICV/Test2/CMakeFiles/CMakeTmp/CMakeFiles 1
Building CXX object CMakeFiles/cmTryCompileExec316515653.dir/CheckSymbolExists.cxx.o
/usr/bin/c++    -I/usr/include/qt4    -o CMakeFiles/cmTryCompileExec316515653.dir/CheckSymbolExists.cxx.o -c /home/mri/Build/MriSegment/Build/Test/Implementation/MRICV/Test2/CMakeFiles/CMakeTmp/CheckSymbolExists.cxx
/home/mri/Build/MriSegment/Build/Test/Implementation/MRICV/Test2/CMakeFiles/CMakeTmp/CheckSymbolExists.cxx: In function ‘int main(int, char**)’:
/home/mri/Build/MriSegment/Build/Test/Implementation/MRICV/Test2/CMakeFiles/CMakeTmp/CheckSymbolExists.cxx:8:19: error: ‘Q_WS_WIN’ was not declared in this scope
make[1]: *** [CMakeFiles/cmTryCompileExec316515653.dir/CheckSymbolExists.cxx.o] Error 1
make[1]: Leaving directory `/home/mri/Build/MriSegment/Build/Test/Implementation/MRICV/Test2/CMakeFiles/CMakeTmp'
make: *** [cmTryCompileExec316515653/fast] Error 2

File /home/mri/Build/MriSegment/Build/Test/Implementation/MRICV/Test2/CMakeFiles/CMakeTmp/CheckSymbolExists.cxx:
/* */
#include <QtCore/qglobal.h>

int main(int argc, char** argv)
{
  (void)argv;
#ifndef Q_WS_WIN
  return ((int*)(&Q_WS_WIN))[argc];
#else
  (void)argc;
  return 0;
#endif
}

Determining if the Q_WS_QWS exist failed with the following output:
Change Dir: /home/mri/Build/MriSegment/Build/Test/Implementation/MRICV/Test2/CMakeFiles/CMakeTmp

Run Build Command:/usr/bin/make "cmTryCompileExec4135398510/fast"
/usr/bin/make -f CMakeFiles/cmTryCompileExec4135398510.dir/build.make CMakeFiles/cmTryCompileExec4135398510.dir/build
make[1]: Entering directory `/home/mri/Build/MriSegment/Build/Test/Implementation/MRICV/Test2/CMakeFiles/CMakeTmp'
/usr/local/bin/cmake -E cmake_progress_report /home/mri/Build/MriSegment/Build/Test/Implementation/MRICV/Test2/CMakeFiles/CMakeTmp/CMakeFiles 1
Building CXX object CMakeFiles/cmTryCompileExec4135398510.dir/CheckSymbolExists.cxx.o
/usr/bin/c++    -I/usr/include/qt4    -o CMakeFiles/cmTryCompileExec4135398510.dir/CheckSymbolExists.cxx.o -c /home/mri/Build/MriSegment/Build/Test/Implementation/MRICV/Test2/CMakeFiles/CMakeTmp/CheckSymbolExists.cxx
/home/mri/Build/MriSegment/Build/Test/Implementation/MRICV/Test2/CMakeFiles/CMakeTmp/CheckSymbolExists.cxx: In function ‘int main(int, char**)’:
/home/mri/Build/MriSegment/Build/Test/Implementation/MRICV/Test2/CMakeFiles/CMakeTmp/CheckSymbolExists.cxx:8:19: error: ‘Q_WS_QWS’ was not declared in this scope
make[1]: *** [CMakeFiles/cmTryCompileExec4135398510.dir/CheckSymbolExists.cxx.o] Error 1
make[1]: Leaving directory `/home/mri/Build/MriSegment/Build/Test/Implementation/MRICV/Test2/CMakeFiles/CMakeTmp'
make: *** [cmTryCompileExec4135398510/fast] Error 2

File /home/mri/Build/MriSegment/Build/Test/Implementation/MRICV/Test2/CMakeFiles/CMakeTmp/CheckSymbolExists.cxx:
/* */
#include <QtCore/qglobal.h>

int main(int argc, char** argv)
{
  (void)argv;
#ifndef Q_WS_QWS
  return ((int*)(&Q_WS_QWS))[argc];
#else
  (void)argc;
  return 0;
#endif
}

Determining if the Q_WS_MAC exist failed with the following output:
Change Dir: /home/mri/Build/MriSegment/Build/Test/Implementation/MRICV/Test2/CMakeFiles/CMakeTmp

Run Build Command:/usr/bin/make "cmTryCompileExec806087062/fast"
/usr/bin/make -f CMakeFiles/cmTryCompileExec806087062.dir/build.make CMakeFiles/cmTryCompileExec806087062.dir/build
make[1]: Entering directory `/home/mri/Build/MriSegment/Build/Test/Implementation/MRICV/Test2/CMakeFiles/CMakeTmp'
/usr/local/bin/cmake -E cmake_progress_report /home/mri/Build/MriSegment/Build/Test/Implementation/MRICV/Test2/CMakeFiles/CMakeTmp/CMakeFiles 1
Building CXX object CMakeFiles/cmTryCompileExec806087062.dir/CheckSymbolExists.cxx.o
/usr/bin/c++    -I/usr/include/qt4    -o CMakeFiles/cmTryCompileExec806087062.dir/CheckSymbolExists.cxx.o -c /home/mri/Build/MriSegment/Build/Test/Implementation/MRICV/Test2/CMakeFiles/CMakeTmp/CheckSymbolExists.cxx
/home/mri/Build/MriSegment/Build/Test/Implementation/MRICV/Test2/CMakeFiles/CMakeTmp/CheckSymbolExists.cxx: In function ‘int main(int, char**)’:
/home/mri/Build/MriSegment/Build/Test/Implementation/MRICV/Test2/CMakeFiles/CMakeTmp/CheckSymbolExists.cxx:8:19: error: ‘Q_WS_MAC’ was not declared in this scope
make[1]: *** [CMakeFiles/cmTryCompileExec806087062.dir/CheckSymbolExists.cxx.o] Error 1
make[1]: Leaving directory `/home/mri/Build/MriSegment/Build/Test/Implementation/MRICV/Test2/CMakeFiles/CMakeTmp'
make: *** [cmTryCompileExec806087062/fast] Error 2

File /home/mri/Build/MriSegment/Build/Test/Implementation/MRICV/Test2/CMakeFiles/CMakeTmp/CheckSymbolExists.cxx:
/* */
#include <QtCore/qglobal.h>

int main(int argc, char** argv)
{
  (void)argv;
#ifndef Q_WS_MAC
  return ((int*)(&Q_WS_MAC))[argc];
#else
  (void)argc;
  return 0;
#endif
}

